<?xml version="1.0" encoding="UTF-8"?>
<testsuite name="com.example.springbootmongodbtransaction.space.SpaceShipServiceTest" tests="1" skipped="0" failures="0" errors="0" timestamp="2021-08-23T13:31:03" hostname="LAPTOP-SGA68CGN" time="0.47">
  <properties/>
  <testcase name="createShips()" classname="com.example.springbootmongodbtransaction.space.SpaceShipServiceTest" time="0.47"/>
  <system-out><![CDATA[15:31:00.702 [Test worker] DEBUG org.springframework.test.context.BootstrapUtils - Instantiating CacheAwareContextLoaderDelegate from class [org.springframework.test.context.cache.DefaultCacheAwareContextLoaderDelegate]
15:31:00.714 [Test worker] DEBUG org.springframework.test.context.BootstrapUtils - Instantiating BootstrapContext using constructor [public org.springframework.test.context.support.DefaultBootstrapContext(java.lang.Class,org.springframework.test.context.CacheAwareContextLoaderDelegate)]
15:31:00.740 [Test worker] DEBUG org.springframework.test.context.BootstrapUtils - Instantiating TestContextBootstrapper for test class [com.example.springbootmongodbtransaction.space.SpaceShipServiceTest] from class [org.springframework.boot.test.context.SpringBootTestContextBootstrapper]
15:31:00.749 [Test worker] INFO org.springframework.boot.test.context.SpringBootTestContextBootstrapper - Neither @ContextConfiguration nor @ContextHierarchy found for test class [com.example.springbootmongodbtransaction.space.SpaceShipServiceTest], using SpringBootContextLoader
15:31:00.752 [Test worker] DEBUG org.springframework.test.context.support.AbstractContextLoader - Did not detect default resource location for test class [com.example.springbootmongodbtransaction.space.SpaceShipServiceTest]: class path resource [com/example/springbootmongodbtransaction/space/SpaceShipServiceTest-context.xml] does not exist
15:31:00.753 [Test worker] DEBUG org.springframework.test.context.support.AbstractContextLoader - Did not detect default resource location for test class [com.example.springbootmongodbtransaction.space.SpaceShipServiceTest]: class path resource [com/example/springbootmongodbtransaction/space/SpaceShipServiceTestContext.groovy] does not exist
15:31:00.753 [Test worker] INFO org.springframework.test.context.support.AbstractContextLoader - Could not detect default resource locations for test class [com.example.springbootmongodbtransaction.space.SpaceShipServiceTest]: no resource found for suffixes {-context.xml, Context.groovy}.
15:31:00.754 [Test worker] INFO org.springframework.test.context.support.AnnotationConfigContextLoaderUtils - Could not detect default configuration classes for test class [com.example.springbootmongodbtransaction.space.SpaceShipServiceTest]: SpaceShipServiceTest does not declare any static, non-private, non-final, nested classes annotated with @Configuration.
15:31:00.789 [Test worker] DEBUG org.springframework.test.context.support.ActiveProfilesUtils - Could not find an 'annotation declaring class' for annotation type [org.springframework.test.context.ActiveProfiles] and class [com.example.springbootmongodbtransaction.space.SpaceShipServiceTest]
15:31:00.847 [Test worker] DEBUG org.springframework.context.annotation.ClassPathScanningCandidateComponentProvider - Identified candidate component class: file [C:\Users\Syndrom\IdeaProjects\springboot-mongodb-transactions-master\build\classes\java\main\com\example\springbootmongodbtransaction\SpringbootMongodbTransactionApplication.class]
15:31:00.848 [Test worker] INFO org.springframework.boot.test.context.SpringBootTestContextBootstrapper - Found @SpringBootConfiguration com.example.springbootmongodbtransaction.SpringbootMongodbTransactionApplication for test class com.example.springbootmongodbtransaction.space.SpaceShipServiceTest
15:31:00.926 [Test worker] DEBUG org.springframework.boot.test.context.SpringBootTestContextBootstrapper - @TestExecutionListeners is not present for class [com.example.springbootmongodbtransaction.space.SpaceShipServiceTest]: using defaults.
15:31:00.926 [Test worker] INFO org.springframework.boot.test.context.SpringBootTestContextBootstrapper - Loaded default TestExecutionListener class names from location [META-INF/spring.factories]: [org.springframework.boot.test.autoconfigure.restdocs.RestDocsTestExecutionListener, org.springframework.boot.test.autoconfigure.web.client.MockRestServiceServerResetTestExecutionListener, org.springframework.boot.test.autoconfigure.web.servlet.MockMvcPrintOnlyOnFailureTestExecutionListener, org.springframework.boot.test.autoconfigure.web.servlet.WebDriverTestExecutionListener, org.springframework.boot.test.autoconfigure.webservices.client.MockWebServiceServerTestExecutionListener, org.springframework.boot.test.mock.mockito.MockitoTestExecutionListener, org.springframework.boot.test.mock.mockito.ResetMocksTestExecutionListener, org.springframework.test.context.web.ServletTestExecutionListener, org.springframework.test.context.support.DirtiesContextBeforeModesTestExecutionListener, org.springframework.test.context.support.DependencyInjectionTestExecutionListener, org.springframework.test.context.support.DirtiesContextTestExecutionListener, org.springframework.test.context.transaction.TransactionalTestExecutionListener, org.springframework.test.context.jdbc.SqlScriptsTestExecutionListener, org.springframework.test.context.event.EventPublishingTestExecutionListener]
15:31:00.940 [Test worker] INFO org.springframework.boot.test.context.SpringBootTestContextBootstrapper - Using TestExecutionListeners: [org.springframework.test.context.web.ServletTestExecutionListener@df77f60, org.springframework.test.context.support.DirtiesContextBeforeModesTestExecutionListener@63c57d64, org.springframework.boot.test.mock.mockito.MockitoTestExecutionListener@45d2840b, org.springframework.boot.test.autoconfigure.SpringBootDependencyInjectionTestExecutionListener@1fa6fab5, org.springframework.test.context.support.DirtiesContextTestExecutionListener@291c8a5e, org.springframework.test.context.transaction.TransactionalTestExecutionListener@61faec44, org.springframework.test.context.jdbc.SqlScriptsTestExecutionListener@3059ceac, org.springframework.test.context.event.EventPublishingTestExecutionListener@1802e940, org.springframework.boot.test.autoconfigure.restdocs.RestDocsTestExecutionListener@5501de64, org.springframework.boot.test.autoconfigure.web.client.MockRestServiceServerResetTestExecutionListener@632f804c, org.springframework.boot.test.autoconfigure.web.servlet.MockMvcPrintOnlyOnFailureTestExecutionListener@1dfd1e2b, org.springframework.boot.test.autoconfigure.web.servlet.WebDriverTestExecutionListener@12babc3d, org.springframework.boot.test.autoconfigure.webservices.client.MockWebServiceServerTestExecutionListener@4913b2f0, org.springframework.boot.test.mock.mockito.ResetMocksTestExecutionListener@56a1767e]
15:31:00.942 [Test worker] DEBUG org.springframework.test.context.support.AbstractDirtiesContextTestExecutionListener - Before test class: context [DefaultTestContext@2251999d testClass = SpaceShipServiceTest, testInstance = [null], testMethod = [null], testException = [null], mergedContextConfiguration = [WebMergedContextConfiguration@19de564f testClass = SpaceShipServiceTest, locations = '{}', classes = '{class com.example.springbootmongodbtransaction.SpringbootMongodbTransactionApplication}', contextInitializerClasses = '[]', activeProfiles = '{}', propertySourceLocations = '{}', propertySourceProperties = '{org.springframework.boot.test.context.SpringBootTestContextBootstrapper=true}', contextCustomizers = set[org.springframework.boot.test.autoconfigure.actuate.metrics.MetricsExportContextCustomizerFactory$DisableMetricExportContextCustomizer@628e8b6e, org.springframework.boot.test.autoconfigure.properties.PropertyMappingContextCustomizer@0, org.springframework.boot.test.autoconfigure.web.servlet.WebDriverContextCustomizerFactory$Customizer@77c1f5cd, org.springframework.boot.test.context.filter.ExcludeFilterContextCustomizer@7fd10986, org.springframework.boot.test.json.DuplicateJsonObjectContextCustomizerFactory$DuplicateJsonObjectContextCustomizer@746fdce, org.springframework.boot.test.mock.mockito.MockitoContextCustomizer@0, org.springframework.boot.test.web.client.TestRestTemplateContextCustomizer@3bdfb7c3, org.springframework.boot.test.web.reactive.server.WebTestClientContextCustomizer@5cbccf1c, org.springframework.boot.test.context.SpringBootTestArgs@1, org.springframework.boot.test.context.SpringBootTestWebEnvironment@13c5f569], resourceBasePath = 'src/main/webapp', contextLoader = 'org.springframework.boot.test.context.SpringBootContextLoader', parent = [null]], attributes = map['org.springframework.test.context.web.ServletTestExecutionListener.activateListener' -> true]], class annotated with @DirtiesContext [false] with mode [null].
15:31:00.968 [Test worker] DEBUG org.springframework.test.context.support.TestPropertySourceUtils - Adding inlined properties to environment: {spring.jmx.enabled=false, org.springframework.boot.test.context.SpringBootTestContextBootstrapper=true}

  .   ____          _            __ _ _
 /\\ / ___'_ __ _ _(_)_ __  __ _ \ \ \ \
( ( )\___ | '_ | '_| | '_ \/ _` | \ \ \ \
 \\/  ___)| |_)| | | | | || (_| |  ) ) ) )
  '  |____| .__|_| |_|_| |_\__, | / / / /
 =========|_|==============|___/=/_/_/_/
 :: Spring Boot ::                (v2.4.0)

2021-08-23 15:31:01.166  INFO 9256 --- [    Test worker] c.e.s.space.SpaceShipServiceTest         : Starting SpaceShipServiceTest using Java 11.0.11 on LAPTOP-SGA68CGN with PID 9256 (started by Syndrom in C:\Users\Syndrom\IdeaProjects\springboot-mongodb-transactions-master)
2021-08-23 15:31:01.168  INFO 9256 --- [    Test worker] c.e.s.space.SpaceShipServiceTest         : No active profile set, falling back to default profiles: default
2021-08-23 15:31:01.591  INFO 9256 --- [    Test worker] .s.d.r.c.RepositoryConfigurationDelegate : Bootstrapping Spring Data MongoDB repositories in DEFAULT mode.
2021-08-23 15:31:01.738  INFO 9256 --- [    Test worker] .s.d.r.c.RepositoryConfigurationDelegate : Finished Spring Data repository scanning in 143 ms. Found 1 MongoDB repository interfaces.
2021-08-23 15:31:02.098  INFO 9256 --- [    Test worker] org.mongodb.driver.cluster               : Cluster created with settings {hosts=[localhost:27017], mode=SINGLE, requiredClusterType=UNKNOWN, serverSelectionTimeout='30000 ms'}
2021-08-23 15:31:02.150  INFO 9256 --- [localhost:27017] org.mongodb.driver.connection            : Opened connection [connectionId{localValue:2, serverValue:17}] to localhost:27017
2021-08-23 15:31:02.150  INFO 9256 --- [localhost:27017] org.mongodb.driver.connection            : Opened connection [connectionId{localValue:1, serverValue:18}] to localhost:27017
2021-08-23 15:31:02.151  INFO 9256 --- [localhost:27017] org.mongodb.driver.cluster               : Monitor thread successfully connected to server with description ServerDescription{address=localhost:27017, type=STANDALONE, state=CONNECTED, ok=true, minWireVersion=0, maxWireVersion=9, maxDocumentSize=16777216, logicalSessionTimeoutMinutes=30, roundTripTimeNanos=16207800}
2021-08-23 15:31:02.740  INFO 9256 --- [    Test worker] o.s.s.concurrent.ThreadPoolTaskExecutor  : Initializing ExecutorService 'applicationTaskExecutor'
2021-08-23 15:31:03.009  INFO 9256 --- [    Test worker] c.e.s.space.SpaceShipServiceTest         : Started SpaceShipServiceTest in 2.031 seconds (JVM running for 2.981)
2021-08-23 15:31:03.323  INFO 9256 --- [    Test worker] org.mongodb.driver.connection            : Opened connection [connectionId{localValue:3, serverValue:19}] to localhost:27017
Number of docs: 0
2021-08-23 15:31:03.378  INFO 9256 --- [    Test worker] c.e.s.space.SpaceShipService             : First bunch BEGIN
2021-08-23 15:31:03.417  INFO 9256 --- [    Test worker] c.e.s.space.SpaceShipService             : First bunch END
2021-08-23 15:31:03.422  INFO 9256 --- [    Test worker] c.e.s.space.SpaceShipService             : Create SHIPS BEGIN
org.springframework.data.mongodb.UncategorizedMongoDbException: This MongoDB deployment does not support retryable writes. Please add retryWrites=false to your connection string.; nested exception is com.mongodb.MongoClientException: This MongoDB deployment does not support retryable writes. Please add retryWrites=false to your connection string.
AFTER we start the service: SpaceShip(id=6123a3177a6d4c6f0877b8e3, model=cube1, fuel=11)
AFTER we start the service: SpaceShip(id=6123a3177a6d4c6f0877b8e4, model=cube2, fuel=22)
Number of docs: 2
]]></system-out>
  <system-err><![CDATA[]]></system-err>
</testsuite>
